<?xml version="1.0" encoding="UTF-8"?>
<testsuite name="ResistorColorTest" tests="4" skipped="0" failures="0" errors="0" timestamp="2024-05-04T11:31:48" hostname="DESKTOP-QO0S8S2" time="0.41">
  <properties/>
  <testcase name="testWhiteColorCode()" classname="ResistorColorTest" time="0.338"/>
  <testcase name="testColors()" classname="ResistorColorTest" time="0.04"/>
  <testcase name="testBlackColorCode()" classname="ResistorColorTest" time="0.003"/>
  <testcase name="testOrangeColorCode()" classname="ResistorColorTest" time="0.007"/>
  <system-out><![CDATA[]]></system-out>
  <system-err><![CDATA[]]></system-err>
</testsuite>
