<?xml version="1.0" encoding="UTF-8"?>
<testsuite name="LasagnaTest" tests="10" skipped="0" failures="0" errors="0" timestamp="2024-05-04T08:10:47" hostname="DESKTOP-QO0S8S2" time="0.754">
  <properties/>
  <testcase name="The totalTimeInMinutes method calculates the correct value for multiple layers" classname="LasagnaTest" time="0.632"/>
  <testcase name="The totalTimeInMinutes method calculates the correct value for single layer" classname="LasagnaTest" time="0.004"/>
  <testcase name="The remainingMinutesInOven method calculates and returns the correct value" classname="LasagnaTest" time="0.007"/>
  <testcase name="The preparationTimeInMinutes method calculates the correct value for single layer" classname="LasagnaTest" time="0.012"/>
  <testcase name="The expectedMinutesInOven method returns the correct value" classname="LasagnaTest" time="0.005"/>
  <testcase name="Implemented the totalTimeInMinutes method" classname="LasagnaTest" time="0.012"/>
  <testcase name="Implemented the remainingMinutesInOven method" classname="LasagnaTest" time="0.008"/>
  <testcase name="The preparationTimeInMinutes method calculates the correct value for multiple layers" classname="LasagnaTest" time="0.003"/>
  <testcase name="Implemented the expectedMinutesInOven method" classname="LasagnaTest" time="0.002"/>
  <testcase name="Implemented the preparationTimeInMinutes method" classname="LasagnaTest" time="0.012"/>
  <system-out><![CDATA[]]></system-out>
  <system-err><![CDATA[]]></system-err>
</testsuite>
