<?xml version="1.0" encoding="UTF-8"?>
<testsuite name="LeapTest" tests="9" skipped="0" failures="0" errors="0" timestamp="2024-05-04T11:15:49" hostname="DESKTOP-QO0S8S2" time="0.381">
  <properties/>
  <testcase name="testYearDivBy100NotDivBy3IsNotLeapYear()" classname="LeapTest" time="0.314"/>
  <testcase name="testYearDivBy2NotDivBy4InCommonYear()" classname="LeapTest" time="0.005"/>
  <testcase name="testYearDivBy400InLeapYear()" classname="LeapTest" time="0.006"/>
  <testcase name="testYearNotDivBy4InCommonYear()" classname="LeapTest" time="0.005"/>
  <testcase name="testYearDivBy4NotDivBy100InLeapYear()" classname="LeapTest" time="0.003"/>
  <testcase name="testYearDivBy400NotDivBy125IsLeapYear()" classname="LeapTest" time="0.003"/>
  <testcase name="testYearDivBy100NotDivBy400InCommonYear()" classname="LeapTest" time="0.003"/>
  <testcase name="testYearDivBy200NotDivBy400InCommonYear()" classname="LeapTest" time="0.002"/>
  <testcase name="testYearDivBy4And5InLeapYear()" classname="LeapTest" time="0.006"/>
  <system-out><![CDATA[]]></system-out>
  <system-err><![CDATA[]]></system-err>
</testsuite>
