<?xml version="1.0" encoding="UTF-8"?>
<testsuite name="TwoferTest" tests="3" skipped="0" failures="0" errors="0" timestamp="2024-05-04T10:07:32" hostname="DESKTOP-QO0S8S2" time="0.386">
  <properties/>
  <testcase name="noNameGiven()" classname="TwoferTest" time="0.349"/>
  <testcase name="aNameGiven()" classname="TwoferTest" time="0.015"/>
  <testcase name="anotherNameGiven()" classname="TwoferTest" time="0.002"/>
  <system-out><![CDATA[]]></system-out>
  <system-err><![CDATA[]]></system-err>
</testsuite>
